Build started 15.09.2016 19:45:16.
     1>Project "C:\Users\Agnes\Documents\Visual Studio 2013\Projects\lab2zad2\lab2zad2\lab2zad2.vcxproj" on node 2 (Build target(s)).
     1>ClCompile:
         C:\Program Files (x86)\Microsoft Visual Studio 12.0\VC\bin\CL.exe /c /ZI /nologo /W3 /WX- /Od /Oy- /D WIN32 /D _DEBUG /D _CONSOLE /D _LIB /D _UNICODE /D UNICODE /Gm /EHsc /RTC1 /MDd /GS /fp:precise /Zc:wchar_t /Zc:forScope /Fo"Debug\\" /Fd"Debug\vc120.pdb" /Gd /TP /analyze- /errorReport:prompt PrimeFinder.cpp main.cpp
         main.cpp
         PrimeFinder.cpp
         Generating Code...
     1>c:\users\agnes\documents\visual studio 2013\projects\lab2zad2\lab2zad2\primefinder.cpp(24): warning C4715: 'PrimeFinder::pierwsza' : not all control paths return a value
     1>c:\users\agnes\documents\visual studio 2013\projects\lab2zad2\lab2zad2\primefinder.cpp(29): warning C4715: 'PrimeFinder::nastepna' : not all control paths return a value
       Link:
         C:\Program Files (x86)\Microsoft Visual Studio 12.0\VC\bin\link.exe /ERRORREPORT:PROMPT /OUT:"C:\Users\Agnes\Documents\Visual Studio 2013\Projects\lab2zad2\Debug\lab2zad2.exe" /INCREMENTAL /NOLOGO kernel32.lib user32.lib gdi32.lib winspool.lib comdlg32.lib advapi32.lib shell32.lib ole32.lib oleaut32.lib uuid.lib odbc32.lib odbccp32.lib /MANIFEST /MANIFESTUAC:"level='asInvoker' uiAccess='false'" /manifest:embed /DEBUG /PDB:"C:\Users\Agnes\Documents\Visual Studio 2013\Projects\lab2zad2\Debug\lab2zad2.pdb" /SUBSYSTEM:CONSOLE /TLBID:1 /DYNAMICBASE /NXCOMPAT /IMPLIB:"C:\Users\Agnes\Documents\Visual Studio 2013\Projects\lab2zad2\Debug\lab2zad2.lib" /MACHINE:X86 Debug\main.obj
         Debug\PrimeFinder.obj
     1>LINK : fatal error LNK1168: cannot open C:\Users\Agnes\Documents\Visual Studio 2013\Projects\lab2zad2\Debug\lab2zad2.exe for writing
     1>Done Building Project "C:\Users\Agnes\Documents\Visual Studio 2013\Projects\lab2zad2\lab2zad2\lab2zad2.vcxproj" (Build target(s)) -- FAILED.

Build FAILED.

Time Elapsed 00:00:05.31
